<?xml version="1.0" encoding="UTF-8" ?>
<testsuites errors="1"
            failures="1"
            tests="1">

  <testsuite name="PurchaseProduct"
    errors="1" failures="1" hostname="" id="" package="PurchaseProduct" skipped="0"
    tests="1" time="47.13" timestamp="">
  
    <testcase name="Verify Product Purchase flow" classname="PurchaseProduct" time="23.56" assertions="2">

      <failure message="Testing if element &lt;.view-product&gt; is visible in 5000ms - expected &#34;is visible&#34; but got: &#34;element could not be located&#34; (5225ms)">    at Verify Product Purchase flow (/home/knoldus/Documents/NightwatchPractice/pages/PurchaseProduct.js:13:13)</failure>

    
    <error message="Testing if element [33m&lt;.view-product&gt;[39m is visible in 5000ms - expected [32m&#34;is visible&#34;[39m but got: [31m&#34;element could not be located&#34;[39m [90m(5225ms)[39m" type="error"><![CDATA[
    Error
    at Proxy.&lt;anonymous&gt; (/home/knoldus/Documents/NightwatchPractice/node_modules/nightwatch/lib/api/index.js:161:30)
    at Verify Product Purchase flow (/home/knoldus/Documents/NightwatchPractice/pages/PurchaseProduct.js:13:13)
    at Context.call (/home/knoldus/Documents/NightwatchPractice/node_modules/nightwatch/lib/testsuite/context.js:515:35)
    at TestCase.run (/home/knoldus/Documents/NightwatchPractice/node_modules/nightwatch/lib/testsuite/testcase.js:58:31)
    at Runnable.__runFn (/home/knoldus/Documents/NightwatchPractice/node_modules/nightwatch/lib/testsuite/index.js:839:80)
    at Runnable.run (/home/knoldus/Documents/NightwatchPractice/node_modules/nightwatch/lib/testsuite/runnable.js:126:21)
    at TestSuite.executeRunnable (/home/knoldus/Documents/NightwatchPractice/node_modules/nightwatch/lib/testsuite/index.js:1000:49)
    at TestSuite.handleRunnable (/home/knoldus/Documents/NightwatchPractice/node_modules/nightwatch/lib/testsuite/index.js:1015:33)
    at /home/knoldus/Documents/NightwatchPractice/node_modules/nightwatch/lib/testsuite/index.js:839:21
    at process.processTicksAndRejections (node:internal/process/task_queues:95:5)
    ]]></error>
    
    </testcase>
  

  
    <system-err>
       TimeoutError
   An error occurred while running .click() command on &lt;a[href=&#34;/product_details/4&#34;]&gt;: element click intercepted: Element &lt;a href=&#34;/product_details/4&#34; style=&#34;color: brown;&#34;&gt;...&lt;/a&gt; is not clickable at point (782, 911). Other element would receive the click: &lt;iframe id=&#34;aswift_2&#34; name=&#34;aswift_2&#34; style=&#34;width: 728px !important; height: 90px !important; display: block; margin: 0px auto;&#34; sandbox=&#34;allow-forms allow-popups allow-popups-to-escape-sandbox allow-same-origin allow-scripts allow-top-navigation-by-user-activation&#34; width=&#34;728&#34; height=&#34;90&#34; frameborder=&#34;0&#34; marginwidth=&#34;0&#34; marginheight=&#34;0&#34; vspace=&#34;0&#34; hspace=&#34;0&#34; allowtransparency=&#34;true&#34; scrolling=&#34;no&#34; src=&#34;https://googleads.g.doubleclick.net/pagead/html/r20240220/r20110914/zrt_lookup_fy2021.html?fsb=1#RS-3-&amp;amp;adk=1812271801&amp;amp;client=ca-pub-1677597403311019&amp;amp;fa=1&amp;amp;ifi=3&amp;amp;uci=a!3&amp;amp;btvi=1&#34; data-google-container-id=&#34;a!3&#34; data-google-query-id=&#34;CMqE07ySvYQDFUlbnQkdprENsA&#34; data-load-complete=&#34;true&#34;&gt;&lt;/iframe&gt;
  (Session info: chrome=121.0.6167.184)
    {&#34;error&#34;:{&#34;name&#34;:&#34;ElementClickInterceptedError&#34;,&#34;remoteStacktrace&#34;:&#34;&#34;},&#34;status&#34;:-1,&#34;value&#34;:null}

    Error location:
    /home/knoldus/Documents/NightwatchPractice/pages/PurchaseProduct.js:12
    –––––––––––––––––––––––––––––––––––––––––––––––––––––––––––––––––––––
     10 |     .execute(&#39;arguments[0].scrollIntoView();&#39;, &#39;a[href=&#34;/product_details/4&#34;]&#39;)
     11 |     .pause(2000)
     12 |     .click(&#39;a[href=&#34;/product_details/4&#34;]&#39;) 
     13 |     .assert.visible(&#39;.view-product&#39;)
     14 |     .setValue(&#39;#quantity&#39;,&#39;5&#39;)
    –––––––––––––––––––––––––––––––––––––––––––––––––––––––––––––––––––––

    </system-err>
  

    

  
  </testsuite>
</testsuites>
